{"D:\\CODE\\bootcamp_ag\\demo\\blog_sqlite\\backend\\src\\db\\ConnectionManager.ts": {"path":"D:\\CODE\\bootcamp_ag\\demo\\blog_sqlite\\backend\\src\\db\\ConnectionManager.ts","statementMap":{"0":{"start":{"line":1,"column":0},"end":{"line":1,"column":30}},"1":{"start":{"line":2,"column":0},"end":{"line":2,"column":40}},"2":{"start":{"line":4,"column":0},"end":{"line":4,"column":36}},"3":{"start":{"line":7,"column":12},"end":{"line":7,"column":39}},"4":{"start":{"line":15,"column":8},"end":{"line":15,"column":23}},"5":{"start":{"line":20,"column":8},"end":{"line":22,"column":9}},"6":{"start":{"line":21,"column":12},"end":{"line":21,"column":64}},"7":{"start":{"line":23,"column":8},"end":{"line":23,"column":40}},"8":{"start":{"line":27,"column":8},"end":{"line":40,"column":9}},"9":{"start":{"line":28,"column":12},"end":{"line":36,"column":13}},"10":{"start":{"line":29,"column":31},"end":{"line":29,"column":48}},"11":{"start":{"line":30,"column":16},"end":{"line":33,"column":19}},"12":{"start":{"line":35,"column":16},"end":{"line":35,"column":64}},"13":{"start":{"line":37,"column":12},"end":{"line":37,"column":27}},"14":{"start":{"line":39,"column":12},"end":{"line":39,"column":24}},"15":{"start":{"line":44,"column":8},"end":{"line":47,"column":9}},"16":{"start":{"line":45,"column":12},"end":{"line":45,"column":34}},"17":{"start":{"line":46,"column":12},"end":{"line":46,"column":27}},"18":{"start":{"line":51,"column":8},"end":{"line":96,"column":9}},"19":{"start":{"line":52,"column":23},"end":{"line":52,"column":49}},"20":{"start":{"line":53,"column":12},"end":{"line":93,"column":15}},"21":{"start":{"line":95,"column":12},"end":{"line":95,"column":24}},"22":{"start":{"line":6,"column":0},"end":{"line":6,"column":13}},"23":{"start":{"line":11,"column":19},"end":{"line":11,"column":73}}},"fnMap":{"0":{"name":"(anonymous_1)","decl":{"start":{"line":14,"column":4},"end":{"line":14,"column":24}},"loc":{"start":{"line":14,"column":40},"end":{"line":16,"column":5}}},"1":{"name":"(anonymous_2)","decl":{"start":{"line":19,"column":11},"end":{"line":19,"column":17}},"loc":{"start":{"line":19,"column":54},"end":{"line":24,"column":5}}},"2":{"name":"(anonymous_3)","decl":{"start":{"line":26,"column":11},"end":{"line":26,"column":16}},"loc":{"start":{"line":26,"column":30},"end":{"line":41,"column":5}}},"3":{"name":"(anonymous_4)","decl":{"start":{"line":43,"column":11},"end":{"line":43,"column":16}},"loc":{"start":{"line":43,"column":32},"end":{"line":48,"column":5}}},"4":{"name":"(anonymous_5)","decl":{"start":{"line":50,"column":11},"end":{"line":50,"column":16}},"loc":{"start":{"line":50,"column":35},"end":{"line":97,"column":5}}}},"branchMap":{"0":{"loc":{"start":{"line":19,"column":30},"end":{"line":19,"column":54}},"type":"default-arg","locations":[{"start":{"line":19,"column":49},"end":{"line":19,"column":54}}]},"1":{"loc":{"start":{"line":20,"column":8},"end":{"line":22,"column":9}},"type":"if","locations":[{"start":{"line":20,"column":8},"end":{"line":22,"column":9}},{"start":{},"end":{}}]},"2":{"loc":{"start":{"line":28,"column":12},"end":{"line":36,"column":13}},"type":"if","locations":[{"start":{"line":28,"column":12},"end":{"line":36,"column":13}},{"start":{},"end":{}}]},"3":{"loc":{"start":{"line":44,"column":8},"end":{"line":47,"column":9}},"type":"if","locations":[{"start":{"line":44,"column":8},"end":{"line":47,"column":9}},{"start":{},"end":{}}]}},"s":{"0":3,"1":3,"2":3,"3":5,"4":5,"5":25,"6":5,"7":25,"8":54,"9":54,"10":14,"11":14,"12":14,"13":54,"14":0,"15":21,"16":14,"17":14,"18":8,"19":8,"20":8,"21":0,"22":3,"23":3},"f":{"0":5,"1":25,"2":54,"3":21,"4":8},"b":{"0":[1],"1":[5,20],"2":[14,40],"3":[14,7]}}
,"D:\\CODE\\bootcamp_ag\\demo\\blog_sqlite\\backend\\src\\db\\ConnectionManager_lite.ts": {"path":"D:\\CODE\\bootcamp_ag\\demo\\blog_sqlite\\backend\\src\\db\\ConnectionManager_lite.ts","statementMap":{"0":{"start":{"line":1,"column":0},"end":{"line":1,"column":30}},"1":{"start":{"line":2,"column":0},"end":{"line":2,"column":40}},"2":{"start":{"line":9,"column":12},"end":{"line":9,"column":39}},"3":{"start":{"line":14,"column":8},"end":{"line":14,"column":48}},"4":{"start":{"line":18,"column":8},"end":{"line":20,"column":9}},"5":{"start":{"line":19,"column":12},"end":{"line":19,"column":52}},"6":{"start":{"line":21,"column":8},"end":{"line":21,"column":29}},"7":{"start":{"line":26,"column":8},"end":{"line":40,"column":9}},"8":{"start":{"line":27,"column":12},"end":{"line":36,"column":13}},"9":{"start":{"line":29,"column":16},"end":{"line":32,"column":19}},"10":{"start":{"line":34,"column":16},"end":{"line":34,"column":64}},"11":{"start":{"line":35,"column":16},"end":{"line":35,"column":41}},"12":{"start":{"line":37,"column":12},"end":{"line":37,"column":27}},"13":{"start":{"line":39,"column":12},"end":{"line":39,"column":24}},"14":{"start":{"line":45,"column":8},"end":{"line":49,"column":9}},"15":{"start":{"line":46,"column":12},"end":{"line":46,"column":34}},"16":{"start":{"line":47,"column":12},"end":{"line":47,"column":27}},"17":{"start":{"line":48,"column":12},"end":{"line":48,"column":37}},"18":{"start":{"line":8,"column":0},"end":{"line":8,"column":13}},"19":{"start":{"line":11,"column":19},"end":{"line":11,"column":61}}},"fnMap":{"0":{"name":"(anonymous_1)","decl":{"start":{"line":13,"column":4},"end":{"line":13,"column":null}},"loc":{"start":{"line":13,"column":4},"end":{"line":15,"column":5}}},"1":{"name":"(anonymous_2)","decl":{"start":{"line":17,"column":11},"end":{"line":17,"column":17}},"loc":{"start":{"line":17,"column":29},"end":{"line":22,"column":5}}},"2":{"name":"(anonymous_3)","decl":{"start":{"line":25,"column":11},"end":{"line":25,"column":16}},"loc":{"start":{"line":25,"column":30},"end":{"line":41,"column":5}}},"3":{"name":"(anonymous_4)","decl":{"start":{"line":44,"column":11},"end":{"line":44,"column":16}},"loc":{"start":{"line":44,"column":32},"end":{"line":50,"column":5}}}},"branchMap":{"0":{"loc":{"start":{"line":18,"column":8},"end":{"line":20,"column":9}},"type":"if","locations":[{"start":{"line":18,"column":8},"end":{"line":20,"column":9}},{"start":{},"end":{}}]},"1":{"loc":{"start":{"line":27,"column":12},"end":{"line":36,"column":13}},"type":"if","locations":[{"start":{"line":27,"column":12},"end":{"line":36,"column":13}},{"start":{},"end":{}}]},"2":{"loc":{"start":{"line":45,"column":8},"end":{"line":49,"column":9}},"type":"if","locations":[{"start":{"line":45,"column":8},"end":{"line":49,"column":9}},{"start":{},"end":{}}]}},"s":{"0":1,"1":1,"2":1,"3":1,"4":13,"5":1,"6":13,"7":8,"8":8,"9":7,"10":7,"11":7,"12":8,"13":0,"14":12,"15":7,"16":7,"17":7,"18":1,"19":1},"f":{"0":1,"1":13,"2":8,"3":12},"b":{"0":[1,12],"1":[7,1],"2":[7,5]}}
,"D:\\CODE\\bootcamp_ag\\demo\\blog_sqlite\\backend\\src\\db\\blogs.ts": {"path":"D:\\CODE\\bootcamp_ag\\demo\\blog_sqlite\\backend\\src\\db\\blogs.ts","statementMap":{"0":{"start":{"line":9,"column":0},"end":{"line":9,"column":7}},"1":{"start":{"line":27,"column":0},"end":{"line":27,"column":7}},"2":{"start":{"line":43,"column":0},"end":{"line":43,"column":7}},"3":{"start":{"line":63,"column":0},"end":{"line":63,"column":7}},"4":{"start":{"line":98,"column":0},"end":{"line":98,"column":7}},"5":{"start":{"line":139,"column":0},"end":{"line":139,"column":7}},"6":{"start":{"line":1,"column":0},"end":{"line":1,"column":59}},"7":{"start":{"line":4,"column":0},"end":{"line":4,"column":39}},"8":{"start":{"line":7,"column":18},"end":{"line":7,"column":60}},"9":{"start":{"line":10,"column":4},"end":{"line":24,"column":5}},"10":{"start":{"line":11,"column":19},"end":{"line":11,"column":50}},"11":{"start":{"line":12,"column":22},"end":{"line":17,"column":30}},"12":{"start":{"line":18,"column":22},"end":{"line":18,"column":58}},"13":{"start":{"line":19,"column":27},"end":{"line":19,"column":78}},"14":{"start":{"line":20,"column":8},"end":{"line":20,"column":56}},"15":{"start":{"line":22,"column":8},"end":{"line":22,"column":54}},"16":{"start":{"line":23,"column":8},"end":{"line":23,"column":49}},"17":{"start":{"line":28,"column":4},"end":{"line":40,"column":5}},"18":{"start":{"line":29,"column":19},"end":{"line":29,"column":50}},"19":{"start":{"line":30,"column":22},"end":{"line":34,"column":28}},"20":{"start":{"line":35,"column":21},"end":{"line":35,"column":46}},"21":{"start":{"line":36,"column":8},"end":{"line":36,"column":20}},"22":{"start":{"line":38,"column":8},"end":{"line":38,"column":59}},"23":{"start":{"line":39,"column":8},"end":{"line":39,"column":48}},"24":{"start":{"line":44,"column":4},"end":{"line":60,"column":5}},"25":{"start":{"line":45,"column":19},"end":{"line":45,"column":50}},"26":{"start":{"line":46,"column":22},"end":{"line":53,"column":30}},"27":{"start":{"line":54,"column":22},"end":{"line":54,"column":89}},"28":{"start":{"line":55,"column":27},"end":{"line":55,"column":156}},"29":{"start":{"line":56,"column":8},"end":{"line":56,"column":56}},"30":{"start":{"line":58,"column":8},"end":{"line":58,"column":61}},"31":{"start":{"line":59,"column":8},"end":{"line":59,"column":56}},"32":{"start":{"line":64,"column":18},"end":{"line":64,"column":22}},"33":{"start":{"line":66,"column":4},"end":{"line":95,"column":5}},"34":{"start":{"line":67,"column":8},"end":{"line":67,"column":45}},"35":{"start":{"line":70,"column":8},"end":{"line":70,"column":42}},"36":{"start":{"line":73,"column":23},"end":{"line":75,"column":null}},"37":{"start":{"line":79,"column":8},"end":{"line":84,"column":9}},"38":{"start":{"line":80,"column":35},"end":{"line":81,"column":null}},"39":{"start":{"line":81,"column":16},"end":{"line":81,"column":113}},"40":{"start":{"line":83,"column":12},"end":{"line":83,"column":46}},"41":{"start":{"line":87,"column":8},"end":{"line":87,"column":31}},"42":{"start":{"line":89,"column":8},"end":{"line":89,"column":92}},"43":{"start":{"line":92,"column":8},"end":{"line":92,"column":39}},"44":{"start":{"line":93,"column":8},"end":{"line":93,"column":53}},"45":{"start":{"line":94,"column":8},"end":{"line":94,"column":49}},"46":{"start":{"line":99,"column":18},"end":{"line":99,"column":22}},"47":{"start":{"line":101,"column":4},"end":{"line":136,"column":5}},"48":{"start":{"line":102,"column":8},"end":{"line":102,"column":45}},"49":{"start":{"line":105,"column":29},"end":{"line":105,"column":84}},"50":{"start":{"line":106,"column":8},"end":{"line":108,"column":9}},"51":{"start":{"line":107,"column":12},"end":{"line":107,"column":63}},"52":{"start":{"line":111,"column":8},"end":{"line":111,"column":42}},"53":{"start":{"line":114,"column":22},"end":{"line":114,"column":113}},"54":{"start":{"line":115,"column":8},"end":{"line":115,"column":82}},"55":{"start":{"line":118,"column":8},"end":{"line":118,"column":70}},"56":{"start":{"line":120,"column":8},"end":{"line":125,"column":9}},"57":{"start":{"line":121,"column":35},"end":{"line":122,"column":null}},"58":{"start":{"line":122,"column":16},"end":{"line":122,"column":92}},"59":{"start":{"line":124,"column":12},"end":{"line":124,"column":46}},"60":{"start":{"line":128,"column":8},"end":{"line":128,"column":31}},"61":{"start":{"line":130,"column":8},"end":{"line":130,"column":81}},"62":{"start":{"line":133,"column":8},"end":{"line":133,"column":39}},"63":{"start":{"line":134,"column":8},"end":{"line":134,"column":53}},"64":{"start":{"line":135,"column":8},"end":{"line":135,"column":49}},"65":{"start":{"line":140,"column":4},"end":{"line":151,"column":5}},"66":{"start":{"line":141,"column":19},"end":{"line":141,"column":50}},"67":{"start":{"line":142,"column":23},"end":{"line":142,"column":75}},"68":{"start":{"line":143,"column":8},"end":{"line":147,"column":9}},"69":{"start":{"line":144,"column":12},"end":{"line":144,"column":75}},"70":{"start":{"line":146,"column":12},"end":{"line":146,"column":63}},"71":{"start":{"line":149,"column":8},"end":{"line":149,"column":53}},"72":{"start":{"line":150,"column":8},"end":{"line":150,"column":49}}},"fnMap":{"0":{"name":"getAllBlogs","decl":{"start":{"line":9,"column":22},"end":{"line":9,"column":33}},"loc":{"start":{"line":9,"column":63},"end":{"line":25,"column":1}}},"1":{"name":"getBlogById","decl":{"start":{"line":27,"column":22},"end":{"line":27,"column":33}},"loc":{"start":{"line":27,"column":44},"end":{"line":41,"column":1}}},"2":{"name":"getBlogsByTagId","decl":{"start":{"line":43,"column":22},"end":{"line":43,"column":37}},"loc":{"start":{"line":43,"column":82},"end":{"line":61,"column":1}}},"3":{"name":"createBlog","decl":{"start":{"line":63,"column":22},"end":{"line":63,"column":32}},"loc":{"start":{"line":63,"column":128},"end":{"line":96,"column":1}}},"4":{"name":"(anonymous_4)","decl":{"start":{"line":80,"column":44},"end":{"line":80,"column":45}},"loc":{"start":{"line":81,"column":16},"end":{"line":81,"column":113}}},"5":{"name":"updateBlogById","decl":{"start":{"line":98,"column":22},"end":{"line":98,"column":36}},"loc":{"start":{"line":98,"column":144},"end":{"line":137,"column":1}}},"6":{"name":"(anonymous_6)","decl":{"start":{"line":121,"column":44},"end":{"line":121,"column":45}},"loc":{"start":{"line":122,"column":16},"end":{"line":122,"column":92}}},"7":{"name":"deleteBlogById","decl":{"start":{"line":139,"column":22},"end":{"line":139,"column":36}},"loc":{"start":{"line":139,"column":47},"end":{"line":152,"column":1}}}},"branchMap":{"0":{"loc":{"start":{"line":75,"column":42},"end":{"line":75,"column":59}},"type":"cond-expr","locations":[{"start":{"line":75,"column":54},"end":{"line":75,"column":55}},{"start":{"line":75,"column":58},"end":{"line":75,"column":59}}]},"1":{"loc":{"start":{"line":79,"column":8},"end":{"line":84,"column":9}},"type":"if","locations":[{"start":{"line":79,"column":8},"end":{"line":84,"column":9}},{"start":{},"end":{}}]},"2":{"loc":{"start":{"line":92,"column":8},"end":{"line":92,"column":38}},"type":"binary-expr","locations":[{"start":{"line":92,"column":8},"end":{"line":92,"column":10}},{"start":{"line":92,"column":14},"end":{"line":92,"column":38}}]},"3":{"loc":{"start":{"line":106,"column":8},"end":{"line":108,"column":9}},"type":"if","locations":[{"start":{"line":106,"column":8},"end":{"line":108,"column":9}},{"start":{},"end":{}}]},"4":{"loc":{"start":{"line":115,"column":50},"end":{"line":115,"column":67}},"type":"cond-expr","locations":[{"start":{"line":115,"column":62},"end":{"line":115,"column":63}},{"start":{"line":115,"column":66},"end":{"line":115,"column":67}}]},"5":{"loc":{"start":{"line":120,"column":8},"end":{"line":125,"column":9}},"type":"if","locations":[{"start":{"line":120,"column":8},"end":{"line":125,"column":9}},{"start":{},"end":{}}]},"6":{"loc":{"start":{"line":133,"column":8},"end":{"line":133,"column":38}},"type":"binary-expr","locations":[{"start":{"line":133,"column":8},"end":{"line":133,"column":10}},{"start":{"line":133,"column":14},"end":{"line":133,"column":38}}]},"7":{"loc":{"start":{"line":143,"column":8},"end":{"line":147,"column":9}},"type":"if","locations":[{"start":{"line":143,"column":8},"end":{"line":147,"column":9}},{"start":{"line":145,"column":15},"end":{"line":147,"column":9}}]},"8":{"loc":{"start":{"line":143,"column":12},"end":{"line":143,"column":48}},"type":"binary-expr","locations":[{"start":{"line":143,"column":12},"end":{"line":143,"column":26}},{"start":{"line":143,"column":30},"end":{"line":143,"column":48}}]}},"s":{"0":1,"1":1,"2":1,"3":1,"4":1,"5":1,"6":1,"7":1,"8":1,"9":3,"10":3,"11":3,"12":3,"13":2,"14":2,"15":1,"16":1,"17":3,"18":3,"19":3,"20":3,"21":2,"22":1,"23":1,"24":3,"25":3,"26":3,"27":3,"28":2,"29":2,"30":1,"31":1,"32":4,"33":4,"34":4,"35":4,"36":4,"37":3,"38":2,"39":3,"40":2,"41":2,"42":2,"43":2,"44":2,"45":2,"46":5,"47":5,"48":5,"49":5,"50":4,"51":1,"52":3,"53":3,"54":3,"55":3,"56":3,"57":2,"58":3,"59":2,"60":2,"61":2,"62":2,"63":1,"64":1,"65":3,"66":3,"67":3,"68":2,"69":1,"70":1,"71":1,"72":1},"f":{"0":3,"1":3,"2":3,"3":4,"4":3,"5":5,"6":3,"7":3},"b":{"0":[3,1],"1":[2,1],"2":[2,2],"3":[1,3],"4":[2,1],"5":[2,1],"6":[2,2],"7":[1,1],"8":[2,1]}}
,"D:\\CODE\\bootcamp_ag\\demo\\blog_sqlite\\backend\\src\\db\\tags.ts": {"path":"D:\\CODE\\bootcamp_ag\\demo\\blog_sqlite\\backend\\src\\db\\tags.ts","statementMap":{"0":{"start":{"line":20,"column":0},"end":{"line":20,"column":7}},"1":{"start":{"line":46,"column":0},"end":{"line":46,"column":7}},"2":{"start":{"line":59,"column":0},"end":{"line":59,"column":16}},"3":{"start":{"line":1,"column":0},"end":{"line":1,"column":59}},"4":{"start":{"line":3,"column":0},"end":{"line":3,"column":39}},"5":{"start":{"line":6,"column":18},"end":{"line":6,"column":60}},"6":{"start":{"line":9,"column":4},"end":{"line":17,"column":5}},"7":{"start":{"line":10,"column":19},"end":{"line":10,"column":50}},"8":{"start":{"line":11,"column":21},"end":{"line":11,"column":62}},"9":{"start":{"line":13,"column":8},"end":{"line":13,"column":20}},"10":{"start":{"line":15,"column":8},"end":{"line":15,"column":53}},"11":{"start":{"line":16,"column":8},"end":{"line":16,"column":20}},"12":{"start":{"line":21,"column":4},"end":{"line":33,"column":5}},"13":{"start":{"line":22,"column":19},"end":{"line":22,"column":50}},"14":{"start":{"line":23,"column":22},"end":{"line":27,"column":30}},"15":{"start":{"line":28,"column":21},"end":{"line":28,"column":50}},"16":{"start":{"line":29,"column":8},"end":{"line":29,"column":20}},"17":{"start":{"line":31,"column":8},"end":{"line":31,"column":64}},"18":{"start":{"line":32,"column":8},"end":{"line":32,"column":48}},"19":{"start":{"line":41,"column":30},"end":{"line":41,"column":34}},"20":{"start":{"line":42,"column":21},"end":{"line":42,"column":22}},"21":{"start":{"line":43,"column":18},"end":{"line":43,"column":31}},"22":{"start":{"line":47,"column":16},"end":{"line":47,"column":26}},"23":{"start":{"line":49,"column":4},"end":{"line":51,"column":5}},"24":{"start":{"line":50,"column":8},"end":{"line":50,"column":25}},"25":{"start":{"line":53,"column":4},"end":{"line":53,"column":35}},"26":{"start":{"line":54,"column":4},"end":{"line":54,"column":25}},"27":{"start":{"line":55,"column":4},"end":{"line":55,"column":21}},"28":{"start":{"line":60,"column":4},"end":{"line":60,"column":21}},"29":{"start":{"line":61,"column":4},"end":{"line":61,"column":23}}},"fnMap":{"0":{"name":"getAllTags","decl":{"start":{"line":8,"column":15},"end":{"line":8,"column":25}},"loc":{"start":{"line":8,"column":25},"end":{"line":18,"column":1}}},"1":{"name":"getTagsByBlogId","decl":{"start":{"line":20,"column":22},"end":{"line":20,"column":37}},"loc":{"start":{"line":20,"column":52},"end":{"line":34,"column":1}}},"2":{"name":"getAllTagsCached","decl":{"start":{"line":46,"column":22},"end":{"line":46,"column":38}},"loc":{"start":{"line":46,"column":38},"end":{"line":56,"column":1}}},"3":{"name":"clearTagsCache","decl":{"start":{"line":59,"column":16},"end":{"line":59,"column":30}},"loc":{"start":{"line":59,"column":30},"end":{"line":62,"column":1}}}},"branchMap":{"0":{"loc":{"start":{"line":49,"column":4},"end":{"line":51,"column":5}},"type":"if","locations":[{"start":{"line":49,"column":4},"end":{"line":51,"column":5}},{"start":{},"end":{}}]},"1":{"loc":{"start":{"line":49,"column":8},"end":{"line":49,"column":55}},"type":"binary-expr","locations":[{"start":{"line":49,"column":8},"end":{"line":49,"column":17}},{"start":{"line":49,"column":22},"end":{"line":49,"column":54}}]}},"s":{"0":1,"1":1,"2":1,"3":1,"4":1,"5":1,"6":8,"7":8,"8":8,"9":7,"10":1,"11":1,"12":4,"13":4,"14":4,"15":4,"16":3,"17":1,"18":1,"19":1,"20":1,"21":1,"22":9,"23":9,"24":1,"25":8,"26":7,"27":7,"28":17,"29":17},"f":{"0":8,"1":4,"2":9,"3":17},"b":{"0":[1,8],"1":[9,1]}}
}
