TN:
SF:src\db\ConnectionManager.ts
FN:14,(anonymous_1)
FN:19,(anonymous_2)
FN:26,(anonymous_3)
FN:43,(anonymous_4)
FN:50,(anonymous_5)
FNF:5
FNH:5
FNDA:5,(anonymous_1)
FNDA:25,(anonymous_2)
FNDA:54,(anonymous_3)
FNDA:21,(anonymous_4)
FNDA:8,(anonymous_5)
DA:1,3
DA:2,3
DA:4,3
DA:6,3
DA:7,5
DA:11,3
DA:15,5
DA:20,25
DA:21,5
DA:23,25
DA:27,54
DA:28,54
DA:29,14
DA:30,14
DA:35,14
DA:37,54
DA:39,0
DA:44,21
DA:45,14
DA:46,14
DA:51,8
DA:52,8
DA:53,8
DA:95,0
LF:24
LH:22
BRDA:19,0,0,1
BRDA:20,1,0,5
BRDA:20,1,1,20
BRDA:28,2,0,14
BRDA:28,2,1,40
BRDA:44,3,0,14
BRDA:44,3,1,7
BRF:7
BRH:7
end_of_record
TN:
SF:src\db\ConnectionManager_lite.ts
FN:13,(anonymous_1)
FN:17,(anonymous_2)
FN:25,(anonymous_3)
FN:44,(anonymous_4)
FNF:4
FNH:4
FNDA:1,(anonymous_1)
FNDA:13,(anonymous_2)
FNDA:8,(anonymous_3)
FNDA:12,(anonymous_4)
DA:1,1
DA:2,1
DA:8,1
DA:9,1
DA:11,1
DA:14,1
DA:18,13
DA:19,1
DA:21,13
DA:26,8
DA:27,8
DA:29,7
DA:34,7
DA:35,7
DA:37,8
DA:39,0
DA:45,12
DA:46,7
DA:47,7
DA:48,7
LF:20
LH:19
BRDA:18,0,0,1
BRDA:18,0,1,12
BRDA:27,1,0,7
BRDA:27,1,1,1
BRDA:45,2,0,7
BRDA:45,2,1,5
BRF:6
BRH:6
end_of_record
TN:
SF:src\db\blogs.ts
FN:9,getAllBlogs
FN:27,getBlogById
FN:43,getBlogsByTagId
FN:63,createBlog
FN:80,(anonymous_4)
FN:98,updateBlogById
FN:121,(anonymous_6)
FN:139,deleteBlogById
FNF:8
FNH:8
FNDA:3,getAllBlogs
FNDA:3,getBlogById
FNDA:3,getBlogsByTagId
FNDA:4,createBlog
FNDA:3,(anonymous_4)
FNDA:5,updateBlogById
FNDA:3,(anonymous_6)
FNDA:3,deleteBlogById
DA:1,1
DA:4,1
DA:7,1
DA:9,1
DA:10,3
DA:11,3
DA:12,3
DA:18,3
DA:19,2
DA:20,2
DA:22,1
DA:23,1
DA:27,1
DA:28,3
DA:29,3
DA:30,3
DA:35,3
DA:36,2
DA:38,1
DA:39,1
DA:43,1
DA:44,3
DA:45,3
DA:46,3
DA:54,3
DA:55,2
DA:56,2
DA:58,1
DA:59,1
DA:63,1
DA:64,4
DA:66,4
DA:67,4
DA:70,4
DA:73,4
DA:79,3
DA:80,2
DA:81,3
DA:83,2
DA:87,2
DA:89,2
DA:92,2
DA:93,2
DA:94,2
DA:98,1
DA:99,5
DA:101,5
DA:102,5
DA:105,5
DA:106,4
DA:107,1
DA:111,3
DA:114,3
DA:115,3
DA:118,3
DA:120,3
DA:121,2
DA:122,3
DA:124,2
DA:128,2
DA:130,2
DA:133,2
DA:134,1
DA:135,1
DA:139,1
DA:140,3
DA:141,3
DA:142,3
DA:143,2
DA:144,1
DA:146,1
DA:149,1
DA:150,1
LF:73
LH:73
BRDA:75,0,0,3
BRDA:75,0,1,1
BRDA:79,1,0,2
BRDA:79,1,1,1
BRDA:92,2,0,2
BRDA:92,2,1,2
BRDA:106,3,0,1
BRDA:106,3,1,3
BRDA:115,4,0,2
BRDA:115,4,1,1
BRDA:120,5,0,2
BRDA:120,5,1,1
BRDA:133,6,0,2
BRDA:133,6,1,2
BRDA:143,7,0,1
BRDA:143,7,1,1
BRDA:143,8,0,2
BRDA:143,8,1,1
BRF:18
BRH:18
end_of_record
TN:
SF:src\db\tags.ts
FN:8,getAllTags
FN:20,getTagsByBlogId
FN:46,getAllTagsCached
FN:59,clearTagsCache
FNF:4
FNH:4
FNDA:8,getAllTags
FNDA:4,getTagsByBlogId
FNDA:9,getAllTagsCached
FNDA:17,clearTagsCache
DA:1,1
DA:3,1
DA:6,1
DA:9,8
DA:10,8
DA:11,8
DA:13,7
DA:15,1
DA:16,1
DA:20,1
DA:21,4
DA:22,4
DA:23,4
DA:28,4
DA:29,3
DA:31,1
DA:32,1
DA:41,1
DA:42,1
DA:43,1
DA:46,1
DA:47,9
DA:49,9
DA:50,1
DA:53,8
DA:54,7
DA:55,7
DA:59,1
DA:60,17
DA:61,17
LF:30
LH:30
BRDA:49,0,0,1
BRDA:49,0,1,8
BRDA:49,1,0,9
BRDA:49,1,1,1
BRF:4
BRH:4
end_of_record
